<?xml version="1.0" encoding="UTF-8"?>
<testsuite xmlns:xsi="http://www.w3.org/2001/XMLSchema-instance" xsi:noNamespaceSchemaLocation="https://maven.apache.org/surefire/maven-surefire-plugin/xsd/surefire-test-report.xsd" name="servicii.foto.SedintaFotoSimplaTest" time="0.009" tests="20" errors="0" skipped="0" failures="0">
  <properties>
[...]
</properties>
  <testcase name="testAlbum[0]" classname="servicii.foto.SedintaFotoSimplaTest" time="0"/>
  <testcase name="testData[0]" classname="servicii.foto.SedintaFotoSimplaTest" time="0"/>
  <testcase name="testInformatiiServici[0]" classname="servicii.foto.SedintaFotoSimplaTest" time="0"/>
  <testcase name="testNumeClient[0]" classname="servicii.foto.SedintaFotoSimplaTest" time="0"/>
  <testcase name="testStudio[0]" classname="servicii.foto.SedintaFotoSimplaTest" time="0"/>
  <testcase name="testAlbum[1]" classname="servicii.foto.SedintaFotoSimplaTest" time="0"/>
  <testcase name="testData[1]" classname="servicii.foto.SedintaFotoSimplaTest" time="0"/>
  <testcase name="testInformatiiServici[1]" classname="servicii.foto.SedintaFotoSimplaTest" time="0"/>
  <testcase name="testNumeClient[1]" classname="servicii.foto.SedintaFotoSimplaTest" time="0"/>
  <testcase name="testStudio[1]" classname="servicii.foto.SedintaFotoSimplaTest" time="0"/>
  <testcase name="testAlbum[2]" classname="servicii.foto.SedintaFotoSimplaTest" time="0"/>
  <testcase name="testData[2]" classname="servicii.foto.SedintaFotoSimplaTest" time="0"/>
  <testcase name="testInformatiiServici[2]" classname="servicii.foto.SedintaFotoSimplaTest" time="0.001"/>
  <testcase name="testNumeClient[2]" classname="servicii.foto.SedintaFotoSimplaTest" time="0.001"/>
  <testcase name="testStudio[2]" classname="servicii.foto.SedintaFotoSimplaTest" time="0.001"/>
  <testcase name="testAlbum[3]" classname="servicii.foto.SedintaFotoSimplaTest" time="0"/>
  <testcase name="testData[3]" classname="servicii.foto.SedintaFotoSimplaTest" time="0"/>
  <testcase name="testInformatiiServici[3]" classname="servicii.foto.SedintaFotoSimplaTest" time="0.001"/>
  <testcase name="testNumeClient[3]" classname="servicii.foto.SedintaFotoSimplaTest" time="0"/>
  <testcase name="testStudio[3]" classname="servicii.foto.SedintaFotoSimplaTest" time="0"/>
</testsuite>